<?xml version="1.0" encoding="UTF-8"?>
<testng-results ignored="0" total="1" passed="1" failed="0" skipped="0">
  <reporter-output>
  </reporter-output>
  <suite started-at="2022-05-05T20:36:45 IST" name="Default suite" finished-at="2022-05-05T20:37:02 IST" duration-ms="16674">
    <groups>
    </groups>
    <test started-at="2022-05-05T20:36:45 IST" name="Default test" finished-at="2022-05-05T20:37:02 IST" duration-ms="16674">
      <class name="Test.MainPageTest">
        <test-method is-config="true" signature="conFugureExtentReport()[pri:0, instance:Test.MainPageTest@5149d738]" started-at="2022-05-05T20:36:45 IST" name="conFugureExtentReport" finished-at="2022-05-05T20:36:46 IST" duration-ms="684" status="PASS">
          <reporter-output>
          </reporter-output>
        </test-method> <!-- conFugureExtentReport -->
        <test-method is-config="true" signature="launchBrowserAndLogin()[pri:0, instance:Test.MainPageTest@5149d738]" started-at="2022-05-05T20:36:46 IST" name="launchBrowserAndLogin" finished-at="2022-05-05T20:36:58 IST" duration-ms="12013" status="PASS">
          <reporter-output>
          </reporter-output>
        </test-method> <!-- launchBrowserAndLogin -->
        <test-method signature="buyStockTest()[pri:0, instance:Test.MainPageTest@5149d738]" started-at="2022-05-05T20:36:58 IST" name="buyStockTest" finished-at="2022-05-05T20:37:00 IST" duration-ms="2597" status="PASS">
          <reporter-output>
          </reporter-output>
        </test-method> <!-- buyStockTest -->
        <test-method is-config="true" signature="addTestResult(org.testng.ITestResult)[pri:0, instance:Test.MainPageTest@5149d738]" started-at="2022-05-05T20:37:00 IST" name="addTestResult" finished-at="2022-05-05T20:37:00 IST" duration-ms="19" status="PASS">
          <params>
            <param index="0">
              <value>
                <![CDATA[[TestResult name=buyStockTest status=SUCCESS method=MainPageTest.buyStockTest()[pri:0, instance:Test.MainPageTest@5149d738] output={null}]]]>
              </value>
            </param>
          </params>
          <reporter-output>
          </reporter-output>
        </test-method> <!-- addTestResult -->
        <test-method is-config="true" signature="fiushResults()[pri:0, instance:Test.MainPageTest@5149d738]" started-at="2022-05-05T20:37:00 IST" name="fiushResults" finished-at="2022-05-05T20:37:02 IST" duration-ms="1261" status="PASS">
          <reporter-output>
          </reporter-output>
        </test-method> <!-- fiushResults -->
      </class> <!-- Test.MainPageTest -->
    </test> <!-- Default test -->
  </suite> <!-- Default suite -->
</testng-results>
